<?xml version="1.0" encoding="UTF-8"?>
<!-- Generated by org.testng.reporters.JUnitXMLReporter -->
<testsuite hostname="LAPTOP-VQNA19QV" ignored="0" name="Test" tests="15" failures="2" timestamp="25 Sep 2022 07:34:22 GMT" time="0.158" errors="0">
  <testcase name="test1" time="0.016" classname="oug_day7.profailtestcsse1"/>
  <testcase name="test2" time="0.003" classname="oug_day7.profailtestcsse1"/>
  <testcase name="test3" time="0.005" classname="oug_day7.profailtestcsse1">
    <skipped/>
  </testcase> <!-- test3 -->
  <testcase name="test3" time="0.002" classname="oug_day7.profailtestcsse1">
    <skipped/>
  </testcase> <!-- test3 -->
  <testcase name="test3" time="0.001" classname="oug_day7.profailtestcsse1">
    <skipped/>
  </testcase> <!-- test3 -->
  <testcase name="test3" time="0.004" classname="oug_day7.profailtestcsse1">
    <skipped/>
  </testcase> <!-- test3 -->
  <testcase name="test3" time="0.002" classname="oug_day7.profailtestcsse1">
    <skipped/>
  </testcase> <!-- test3 -->
  <testcase name="test3" time="0.003" classname="oug_day7.profailtestcsse1">
    <failure type="java.lang.AssertionError" message="expected [true] but found [false]">
      <![CDATA[java.lang.AssertionError: expected [true] but found [false]
at oug_day7.profailtestcsse1.test3(profailtestcsse1.java:19)
... Removed 29 stack frames]]>
    </failure>
  </testcase> <!-- test3 -->
  <testcase name="test1" time="0.002" classname="oug_day7.profailtest2"/>
  <testcase name="test3" time="0.004" classname="oug_day7.profailtest2">
    <skipped/>
  </testcase> <!-- test3 -->
  <testcase name="test3" time="0.001" classname="oug_day7.profailtest2">
    <skipped/>
  </testcase> <!-- test3 -->
  <testcase name="test3" time="0.001" classname="oug_day7.profailtest2">
    <skipped/>
  </testcase> <!-- test3 -->
  <testcase name="test3" time="0.001" classname="oug_day7.profailtest2">
    <skipped/>
  </testcase> <!-- test3 -->
  <testcase name="test3" time="0.001" classname="oug_day7.profailtest2">
    <skipped/>
  </testcase> <!-- test3 -->
  <testcase name="test3" time="0.001" classname="oug_day7.profailtest2">
    <failure type="java.lang.AssertionError" message="expected [true] but found [false]">
      <![CDATA[java.lang.AssertionError: expected [true] but found [false]
at oug_day7.profailtest2.test3(profailtest2.java:20)
... Removed 29 stack frames]]>
    </failure>
  </testcase> <!-- test3 -->
</testsuite> <!-- Test -->
